<?xml version="1.0" encoding="UTF-8"?>
<testsuite xmlns:xsi="http://www.w3.org/2001/XMLSchema-instance" xsi:noNamespaceSchemaLocation="https://maven.apache.org/surefire/maven-surefire-plugin/xsd/surefire-test-report.xsd" version="3.0.2" name="com.orbit.ecommerce.UserServiceApplicationTests" time="2.582" tests="1" errors="0" skipped="0" failures="0" flakes="0">
  <properties>
[...]
</properties>
  <testcase name="contextLoads" classname="com.orbit.ecommerce.UserServiceApplicationTests" time="0.242">
    <system-out><![CDATA[12:43:44.219 [main] INFO org.springframework.test.context.support.AnnotationConfigContextLoaderUtils -- Could not detect default configuration classes for test class [com.orbit.ecommerce.UserServiceApplicationTests]: UserServiceApplicationTests does not declare any static, non-private, non-final, nested classes annotated with @Configuration.
12:43:44.256 [main] INFO org.springframework.boot.test.context.SpringBootTestContextBootstrapper -- Found @SpringBootConfiguration com.orbit.ecommerce.UserServiceApplication for test class com.orbit.ecommerce.UserServiceApplicationTests
12:43:44.285 [main] INFO org.springframework.test.context.support.AnnotationConfigContextLoaderUtils -- Could not detect default configuration classes for test class [com.orbit.ecommerce.UserServiceApplicationTests]: UserServiceApplicationTests does not declare any static, non-private, non-final, nested classes annotated with @Configuration.
12:43:44.286 [main] INFO org.springframework.boot.test.context.SpringBootTestContextBootstrapper -- Found @SpringBootConfiguration com.orbit.ecommerce.UserServiceApplication for test class com.orbit.ecommerce.UserServiceApplicationTests

  .   ____          _            __ _ _
 /\\ / ___'_ __ _ _(_)_ __  __ _ \ \ \ \
( ( )\___ | '_ | '_| | '_ \/ _` | \ \ \ \
 \\/  ___)| |_)| | | | | || (_| |  ) ) ) )
  '  |____| .__|_| |_|_| |_\__, | / / / /
 =========|_|==============|___/=/_/_/_/

 :: Spring Boot ::                (v4.1.1)

2026-09-16T12:43:44.515+05:30  INFO 41332 --- [User-Service] [           main] c.o.e.UserServiceApplicationTests        : Starting UserServiceApplicationTests using Java 25.0.4 with PID 41332 (started by ankitverma in /Users/ankitverma/Desktop/e-commerce Project/Users)
2026-09-16T12:43:44.516+05:30  INFO 41332 --- [User-Service] [           main] c.o.e.UserServiceApplicationTests        : No active profile set, falling back to 1 default profile: "default"
2026-09-16T12:43:44.803+05:30  INFO 41332 --- [User-Service] [           main] .s.d.r.c.RepositoryConfigurationDelegate : Bootstrapping Spring Data JPA repositories in DEFAULT mode.
2026-09-16T12:43:44.872+05:30  INFO 41332 --- [User-Service] [           main] .s.d.r.c.RepositoryConfigurationDelegate : Finished Spring Data repository scanning in 64 ms. Found 1 JPA repository interface.
2026-09-16T12:43:44.970+05:30  INFO 41332 --- [User-Service] [           main] o.s.cloud.context.scope.GenericScope     : BeanFactory id=48c77669-0af7-39fc-bb93-01eb083c18d4
2026-09-16T12:43:45.110+05:30  INFO 41332 --- [User-Service] [           main] org.hibernate.orm.jpa                    : HHH008540: Processing PersistenceUnitInfo [name: default]
2026-09-16T12:43:45.143+05:30  INFO 41332 --- [User-Service] [           main] org.hibernate.orm.core                   : HHH000001: Hibernate ORM core version 7.4.5.Final
2026-09-16T12:43:45.302+05:30  INFO 41332 --- [User-Service] [           main] o.s.o.j.p.SpringPersistenceUnitInfo      : No LoadTimeWeaver setup: ignoring JPA class transformer
2026-09-16T12:43:45.316+05:30  INFO 41332 --- [User-Service] [           main] com.zaxxer.hikari.HikariDataSource       : HikariPool-1 - Starting...
2026-09-16T12:43:45.411+05:30  INFO 41332 --- [User-Service] [           main] com.zaxxer.hikari.pool.HikariPool        : HikariPool-1 - Added connection org.postgresql.jdbc.PgConnection@372f7bc
2026-09-16T12:43:45.411+05:30  INFO 41332 --- [User-Service] [           main] com.zaxxer.hikari.HikariDataSource       : HikariPool-1 - Start completed.
2026-09-16T12:43:45.468+05:30  INFO 41332 --- [User-Service] [           main] org.hibernate.orm.connections.pooling    : HHH10001005: Database info:
	Database JDBC URL [jdbc:postgresql://localhost:5432/ecommerce]
	Database driver: PostgreSQL JDBC Driver
	Database dialect: PostgreSQLDialect
	Database version: 18.6
	Default catalog/schema: ecommerce/public
	Autocommit mode: undefined/unknown
	Isolation level: READ_COMMITTED [default READ_COMMITTED]
	JDBC fetch size: none
	Pool: DataSourceConnectionProvider
	Minimum pool size: undefined/unknown
	Maximum pool size: undefined/unknown
2026-09-16T12:43:45.837+05:30  INFO 41332 --- [User-Service] [           main] org.hibernate.orm.core                   : HHH000489: No JTA platform available (set 'hibernate.transaction.jta.platform' to enable JTA platform integration)
2026-09-16T12:43:45.876+05:30  INFO 41332 --- [User-Service] [           main] j.LocalContainerEntityManagerFactoryBean : Initialized JPA EntityManagerFactory for persistence unit 'default'
2026-09-16T12:43:45.913+05:30  INFO 41332 --- [User-Service] [           main] o.s.d.j.r.query.QueryEnhancerFactories   : Hibernate is in classpath; If applicable, HQL parser will be used.
2026-09-16T12:43:45.990+05:30  WARN 41332 --- [User-Service] [           main] JpaBaseConfiguration$JpaWebConfiguration : spring.jpa.open-in-view is enabled by default. Therefore, database queries may be performed during view rendering. Explicitly configure spring.jpa.open-in-view to disable this warning
2026-09-16T12:43:46.065+05:30  WARN 41332 --- [User-Service] [           main] .s.a.UserDetailsServiceAutoConfiguration : 

Using generated security password: 7768cd38-23a1-4c69-8c30-9a03257881ce

This generated password is for development use only. Your security configuration must be updated before running your application in production.

2026-09-16T12:43:46.068+05:30  INFO 41332 --- [User-Service] [           main] r$InitializeUserDetailsManagerConfigurer : Global AuthenticationManager configured with UserDetailsService bean with name inMemoryUserDetailsManager
2026-09-16T12:43:46.290+05:30  INFO 41332 --- [User-Service] [           main] DiscoveryClientOptionalArgsConfiguration : Eureka HTTP Client uses RestClient.
2026-09-16T12:43:46.303+05:30  WARN 41332 --- [User-Service] [           main] iguration$LoadBalancerCaffeineWarnLogger : Spring Cloud LoadBalancer is currently working with the default cache. While this cache implementation is useful for development and tests, it's recommended to use Caffeine cache in production.You can switch to using Caffeine cache, by adding it and org.springframework.cache.caffeine.CaffeineCacheManager to the classpath.
2026-09-16T12:43:46.319+05:30  INFO 41332 --- [User-Service] [           main] o.s.c.n.eureka.InstanceInfoFactory       : Setting initial instance status as: STARTING
2026-09-16T12:43:46.327+05:30  INFO 41332 --- [User-Service] [           main] com.netflix.discovery.DiscoveryClient    : Initializing Eureka in region us-east-1
2026-09-16T12:43:46.328+05:30  INFO 41332 --- [User-Service] [           main] c.n.d.s.r.aws.ConfigClusterResolver      : Resolving eureka endpoints via configuration
2026-09-16T12:43:46.331+05:30  INFO 41332 --- [User-Service] [           main] com.netflix.discovery.DiscoveryClient    : Disable delta property : false
2026-09-16T12:43:46.331+05:30  INFO 41332 --- [User-Service] [           main] com.netflix.discovery.DiscoveryClient    : Single vip registry refresh property : null
2026-09-16T12:43:46.331+05:30  INFO 41332 --- [User-Service] [           main] com.netflix.discovery.DiscoveryClient    : Force full registry fetch : false
2026-09-16T12:43:46.331+05:30  INFO 41332 --- [User-Service] [           main] com.netflix.discovery.DiscoveryClient    : Application is null : false
2026-09-16T12:43:46.331+05:30  INFO 41332 --- [User-Service] [           main] com.netflix.discovery.DiscoveryClient    : Registered Applications size is zero : true
2026-09-16T12:43:46.331+05:30  INFO 41332 --- [User-Service] [           main] com.netflix.discovery.DiscoveryClient    : Application version is -1: true
2026-09-16T12:43:46.331+05:30  INFO 41332 --- [User-Service] [           main] com.netflix.discovery.DiscoveryClient    : Getting all instance registry info from the eureka server
2026-09-16T12:43:46.475+05:30  INFO 41332 --- [User-Service] [           main] com.netflix.discovery.DiscoveryClient    : The response status is 200
2026-09-16T12:43:46.476+05:30  INFO 41332 --- [User-Service] [           main] com.netflix.discovery.DiscoveryClient    : Starting heartbeat executor: renew interval is: 30
2026-09-16T12:43:46.477+05:30  INFO 41332 --- [User-Service] [           main] c.n.discovery.InstanceInfoReplicator     : InstanceInfoReplicator onDemand update allowed rate per min is 4
2026-09-16T12:43:46.477+05:30  INFO 41332 --- [User-Service] [           main] com.netflix.discovery.DiscoveryClient    : Discovery Client initialized at timestamp 1789542826477 with initial instances count: 1
2026-09-16T12:43:46.479+05:30  INFO 41332 --- [User-Service] [           main] o.s.c.n.e.s.EurekaServiceRegistry        : Registering application USER-SERVICE with eureka with status UP
2026-09-16T12:43:46.479+05:30  INFO 41332 --- [User-Service] [           main] com.netflix.discovery.DiscoveryClient    : Saw local status change event StatusChangeEvent [timestamp=1789542826479, current=UP, previous=STARTING]
2026-09-16T12:43:46.480+05:30  INFO 41332 --- [User-Service] [foReplicator-%d] com.netflix.discovery.DiscoveryClient    : DiscoveryClient_USER-SERVICE/192.168.0.8:User-Service:8082: registering service...
2026-09-16T12:43:46.486+05:30  INFO 41332 --- [User-Service] [           main] c.o.e.UserServiceApplicationTests        : Started UserServiceApplicationTests in 2.064 seconds (process running for 2.611)
2026-09-16T12:43:46.498+05:30  INFO 41332 --- [User-Service] [foReplicator-%d] com.netflix.discovery.DiscoveryClient    : DiscoveryClient_USER-SERVICE/192.168.0.8:User-Service:8082 - registration status: 204
]]></system-out>
    <system-err><![CDATA[Mockito is currently self-attaching to enable the inline-mock-maker. This will no longer work in future releases of the JDK. Please add Mockito as an agent to your build as described in Mockito's documentation: https://javadoc.io/doc/org.mockito/mockito-core/latest/org.mockito/org/mockito/Mockito.html#0.3
WARNING: A Java agent has been loaded dynamically (/Users/ankitverma/.m2/repository/net/bytebuddy/byte-buddy-agent/1.18.11/byte-buddy-agent-1.18.11.jar)
WARNING: If a serviceability tool is in use, please run with -XX:+EnableDynamicAgentLoading to hide this warning
WARNING: If a serviceability tool is not in use, please run with -Djdk.instrument.traceUsage for more information
WARNING: Dynamic loading of agents will be disallowed by default in a future release
]]></system-err>
  </testcase>
</testsuite>